C:\USERS\ANDREI\DOCUMENTS\GRAFICA\SPG\TEMA2\DEBUG\DYNAMICCUBEMAP.OBJ
C:\USERS\ANDREI\DOCUMENTS\GRAFICA\SPG\TEMA2\DEBUG\LAB_SHADER_LOADER.OBJ
C:\USERS\ANDREI\DOCUMENTS\GRAFICA\SPG\TEMA2\DEBUG\LAB_TEXTURE_LOADER.OBJ
C:\USERS\ANDREI\DOCUMENTS\GRAFICA\SPG\TEMA2\DEBUG\MAIN.OBJ
C:\USERS\ANDREI\DOCUMENTS\GRAFICA\SPG\TEMA2\DEBUG\PARTICLESYSTEM.OBJ
C:\USERS\ANDREI\DOCUMENTS\GRAFICA\SPG\TEMA2\DEBUG\VC110.PDB
C:\USERS\ANDREI\DOCUMENTS\GRAFICA\SPG\TEMA2\DEBUG\TEMA2.ILK
C:\USERS\ANDREI\DOCUMENTS\GRAFICA\SPG\TEMA2\DEBUG\TEMA2.EXE
C:\USERS\ANDREI\DOCUMENTS\GRAFICA\SPG\TEMA2\DEBUG\TEMA2.PDB
C:\Users\Andrei\Documents\Grafica\spg\tema2\Debug\DynamicCubemap.obj
C:\Users\Andrei\Documents\Grafica\spg\tema2\Debug\lab_shader_loader.obj
C:\Users\Andrei\Documents\Grafica\spg\tema2\Debug\lab_texture_loader.obj
C:\Users\Andrei\Documents\Grafica\spg\tema2\Debug\main.obj
C:\Users\Andrei\Documents\Grafica\spg\tema2\Debug\ParticleSystem.obj
C:\Users\Andrei\Documents\Grafica\spg\tema2\Debug\Tema2.ilk
C:\Users\Andrei\Documents\Grafica\spg\tema2\Debug\cl.command.1.tlog
C:\Users\Andrei\Documents\Grafica\spg\tema2\Debug\CL.read.1.tlog
C:\Users\Andrei\Documents\Grafica\spg\tema2\Debug\CL.write.1.tlog
C:\Users\Andrei\Documents\Grafica\spg\tema2\Debug\link-cvtres.read.1.tlog
C:\Users\Andrei\Documents\Grafica\spg\tema2\Debug\link-cvtres.write.1.tlog
C:\Users\Andrei\Documents\Grafica\spg\tema2\Debug\link-rc.read.1.tlog
C:\Users\Andrei\Documents\Grafica\spg\tema2\Debug\link-rc.write.1.tlog
C:\Users\Andrei\Documents\Grafica\spg\tema2\Debug\link.command.1.tlog
C:\Users\Andrei\Documents\Grafica\spg\tema2\Debug\link.read.1.tlog
C:\Users\Andrei\Documents\Grafica\spg\tema2\Debug\link.write.1.tlog
C:\Users\Andrei\Documents\Grafica\spg\tema2\Debug\vc110.idb
C:\Users\Andrei\Documents\Grafica\spg\tema2\Debug\Tema2.pdb
C:\Users\Andrei\Documents\Grafica\spg\tema2\Debug\vc110.pdb
C:\Users\Andrei\Documents\Grafica\spg\tema2\Debug\Tema2.exe
